[debug] [2023-07-13T13:45:48.623Z] ----------------------------------------------------------------------
[debug] [2023-07-13T13:45:48.624Z] Command:       C:\Program Files\nodejs\node.exe C:\Users\Arnima\AppData\Roaming\npm\node_modules\firebase-tools\lib\bin\firebase.js init
[debug] [2023-07-13T13:45:48.625Z] CLI Version:   11.22.0
[debug] [2023-07-13T13:45:48.625Z] Platform:      win32
[debug] [2023-07-13T13:45:48.625Z] Node Version:  v18.12.1
[debug] [2023-07-13T13:45:48.626Z] Time:          Thu Jul 13 2023 19:45:48 GMT+0600 (Bangladesh Standard Time)
[debug] [2023-07-13T13:45:48.626Z] ----------------------------------------------------------------------
[debug] 
[debug] [2023-07-13T13:45:48.630Z] >>> [apiv2][query] GET https://firebase-public.firebaseio.com/cli.json [none]
[debug] [2023-07-13T13:45:48.675Z] > command requires scopes: ["email","openid","https://www.googleapis.com/auth/cloudplatformprojects.readonly","https://www.googleapis.com/auth/firebase","https://www.googleapis.com/auth/cloud-platform"]
[debug] [2023-07-13T13:45:48.675Z] > authorizing via signed-in user (tasnimanzum1234@gmail.com)
[info] 
     ######## #### ########  ######## ########     ###     ######  ########
     ##        ##  ##     ## ##       ##     ##  ##   ##  ##       ##
     ######    ##  ########  ######   ########  #########  ######  ######
     ##        ##  ##    ##  ##       ##     ## ##     ##       ## ##
     ##       #### ##     ## ######## ########  ##     ##  ######  ########

You're about to initialize a Firebase project in this directory:

  F:\project\sheba_academy

[debug] [2023-07-13T13:45:49.407Z] <<< [apiv2][status] GET https://firebase-public.firebaseio.com/cli.json 200
[debug] [2023-07-13T13:45:49.407Z] <<< [apiv2][body] GET https://firebase-public.firebaseio.com/cli.json {"cloudBuildErrorAfter":1594252800000,"cloudBuildWarnAfter":1590019200000,"defaultNode10After":1594252800000,"minVersion":"3.0.5","node8DeploysDisabledAfter":1613390400000,"node8RuntimeDisabledAfter":1615809600000,"node8WarnAfter":1600128000000}
[debug] [2023-07-13T13:55:57.324Z] ----------------------------------------------------------------------
[debug] [2023-07-13T13:55:57.326Z] Command:       C:\Program Files\nodejs\node.exe C:\Users\Arnima\AppData\Roaming\npm\node_modules\firebase-tools\lib\bin\firebase.js init
[debug] [2023-07-13T13:55:57.326Z] CLI Version:   11.22.0
[debug] [2023-07-13T13:55:57.327Z] Platform:      win32
[debug] [2023-07-13T13:55:57.327Z] Node Version:  v18.12.1
[debug] [2023-07-13T13:55:57.327Z] Time:          Thu Jul 13 2023 19:55:57 GMT+0600 (Bangladesh Standard Time)
[debug] [2023-07-13T13:55:57.327Z] ----------------------------------------------------------------------
[debug] 
[debug] [2023-07-13T13:55:57.334Z] > command requires scopes: ["email","openid","https://www.googleapis.com/auth/cloudplatformprojects.readonly","https://www.googleapis.com/auth/firebase","https://www.googleapis.com/auth/cloud-platform"]
[debug] [2023-07-13T13:55:57.334Z] > authorizing via signed-in user (tasnimanzum1234@gmail.com)
[info] 
     ######## #### ########  ######## ########     ###     ######  ########
     ##        ##  ##     ## ##       ##     ##  ##   ##  ##       ##
     ######    ##  ########  ######   ########  #########  ######  ######
     ##        ##  ##    ##  ##       ##     ## ##     ##       ## ##
     ##       #### ##     ## ######## ########  ##     ##  ######  ########

You're about to initialize a Firebase project in this directory:

  F:\project\sheba_academy

